IQ-TREE multicore version 1.6.12 for Linux 64-bit built Aug 15 2019
Developed by Bui Quang Minh, Nguyen Lam Tung, Olga Chernomor,
Heiko Schmidt, Dominik Schrempf, Michael Woodhams.

Host:    p09r11n13.grace.hpc.yale.internal (AVX512, FMA3, 187 GB RAM)
Command: iqtree -s ../../2.subsampling/YMFmain/YMFmain.subset.0.50_0.50_1000.min1.phy -nt AUTO
Seed:    383179 (Using SPRNG - Scalable Parallel Random Number Generator)
Time:    Sun Nov 15 12:49:56 2020
Kernel:  AVX+FMA - auto-detect threads (36 CPU cores detected)

Reading alignment file ../../2.subsampling/YMFmain/YMFmain.subset.0.50_0.50_1000.min1.phy ... Phylip format detected
Alignment most likely contains protein sequences
Alignment has 231 sequences with 999 columns, 999 distinct patterns
999 parsimony-informative, 0 singleton sites, 0 constant sites
                          Gap/Ambiguity  Composition  p-value
   1  YMF2018_040_S59001.trim     0.00%    failed      3.47%
   2  YMF2018_041_S71001.trim     0.00%    failed      0.11%
   3  YMF2018_042_S83001.trim     0.00%    passed     61.47%
   4  YMF2018_044_S1001.trim      0.00%    passed     39.68%
   5  YMF2018_045_S12001.trim     0.00%    failed      0.00%
   6  YMF2018_046_S24001.trim     0.00%    failed      0.00%
   7  YMF2018_047_S36001.trim     0.00%    failed      0.00%
   8  YMF2018_048_S48001.trim     0.00%    failed      0.04%
   9  YMF2018_049_S60001.trim     0.00%    passed     52.64%
  10  YMF2018_050_S72001.trim     0.00%    failed      0.00%
  11  YMF2018_051_S84001.trim     0.00%    failed      0.04%
  12  YMF2018_052_S2001.trim      0.00%    failed      0.00%
  13  YMF2018_053_S13001.trim     0.00%    failed      0.00%
  14  YMF2018_054_S25001.trim     0.00%    failed      0.01%
  15  YMF2018_055_S37001.trim     0.00%    failed      0.00%
  16  YMF2018_057_S49001.trim     0.00%    failed      0.50%
  17  YMF2018_059_S61001.trim     0.00%    failed      4.54%
  18  YMF2018_060_S73001.trim     0.00%    passed     91.75%
  19  YMF2018_061_S85001.trim     0.00%    passed     63.48%
  20  YMF2018_062_S3001.trim      0.00%    passed     25.00%
  21  YMF2018_063_S14001.trim     0.00%    failed      0.00%
  22  YMF2018_064_S26001.trim     0.00%    failed      0.00%
  23  YMF2018_065_S38001.trim     0.00%    failed      0.00%
  24  YMF2018_066_S50001.trim     0.00%    failed      0.00%
  25  YMF2018_067_S62001.trim     0.00%    failed      0.00%
  26  YMF2018_069_S74001.trim     0.00%    failed      3.17%
  27  YMF2018_070_S86001.trim     0.00%    failed      4.57%
  28  YMF2018_071_S4001.trim      0.00%    passed     54.06%
  29  YMF2018_072_S15001.trim     0.00%    passed     51.46%
  30  YMF2018_073_S27001.trim     0.00%    passed     46.23%
  31  YMF2018_074_S39001.trim     0.00%    failed      0.09%
  32  YMF2018_076_S51001.trim     0.00%    failed      0.00%
  33  YMF2018_079_S63001.trim     0.00%    passed     35.08%
  34  YMF2018_082_S75001.trim     0.00%    failed      0.01%
  35  YMF2018_083_S87001.trim     0.00%    failed      1.49%
  36  YMF2018_084_S5001.trim      0.00%    failed      0.00%
  37  YMF2018_085_S16001.trim     0.00%    failed      0.00%
  38  YMF2018_086_S28001.trim     0.00%    failed      0.07%
  39  YMF2018_088_S40001.trim     0.00%    failed      0.00%
  40  YMF2018_089_S52001.trim     0.00%    passed     78.15%
  41  YMF2018_092_S64001.trim     0.00%    passed     56.00%
  42  YMF2018_093_S76001.trim     0.00%    passed      5.16%
  43  YMF2018_094_S88001.trim     0.00%    passed     18.62%
  44  YMF2018_096_S6001.trim      0.00%    failed      0.00%
  45  YMF2018_098_S17001.trim     0.00%    failed      0.00%
  46  YMF2018_100_S29001.trim     0.00%    passed     68.38%
  47  YMF2018_101_S41001.trim     0.00%    passed     66.77%
  48  YMF2018_102_S53001.trim     0.00%    failed      0.10%
  49  YMF2018_103_S65001.trim     0.00%    failed      0.16%
  50  YMF2018_104_S77001.trim     0.00%    failed      0.00%
  51  YMF2018_106_S7001.trim      0.00%    passed     33.87%
  52  YMF2018_107_S18001.trim     0.00%    passed     12.72%
  53  YMF2018_108_S30001.trim     0.00%    failed      0.00%
  54  YMF2018_109_S42001.trim     0.00%    failed      0.00%
  55  YMF2018_110_S54001.trim     0.00%    failed      0.00%
  56  YMF2018_112_S78001.trim     0.00%    passed     71.76%
  57  YMF2018_113_S90001.trim     0.00%    failed      0.00%
  58  YMF2018_114_S8001.trim      0.00%    failed      0.06%
  59  YMF2018_115_S19001.trim     0.00%    passed     22.79%
  60  YMF2018_116_S31001.trim     0.00%    passed     99.55%
  61  YMF2018_117_S43001.trim     0.00%    failed      0.00%
  62  YMF2018_118_S55001.trim     0.00%    passed     36.52%
  63  YMF2018_119_S67001.trim     0.00%    failed      0.00%
  64  YMF2018_120_S79001.trim     0.00%    passed     84.54%
  65  YMF2018_121_S91001.trim     0.00%    passed     19.16%
  66  YMF2018_122_S9001.trim      0.00%    passed     81.76%
  67  YMF2018_123_S20001.trim     0.00%    failed      0.00%
  68  YMF2018_125_S32001.trim     0.00%    passed     11.31%
  69  YMF2018_126_S44001.trim     0.00%    failed      3.93%
  70  YMF2018_127_S56001.trim     0.00%    failed      0.00%
  71  YMF2018_129_S80001.trim     0.00%    passed     25.18%
  72  YMF2018_130_S92001.trim     0.00%    failed      0.27%
  73  YMF2018_132_S10001.trim     0.00%    failed      0.08%
  74  YMF2018_133_S21001.trim     0.00%    failed      0.01%
  75  YMF2018_135_S33001.trim     0.00%    failed      0.00%
  76  YMF2018_136_S45001.trim     0.00%    failed      0.00%
  77  YMF2018_137_S57001.trim     0.00%    failed      0.00%
  78  YMF2018_138_S69001.trim     0.00%    failed      0.00%
  79  YMF2018_139_S81001.trim     0.00%    failed      0.00%
  80  YMF2018_140_S93001.trim     0.00%    passed     12.97%
  81  YMF2018_141_S11001.trim     0.00%    failed      0.00%
  82  YMF2018_142_S22001.trim     0.00%    passed      9.04%
  83  YMF2018_143_S34001.trim     0.00%    passed     80.49%
  84  YMF2018_144_S46001.trim     0.00%    passed      6.49%
  85  YMF2018_145_S58001.trim     0.00%    failed      0.00%
  86  YMF2018_146_S70001.trim     0.00%    failed      0.00%
  87  YMF2018_147_S82001.trim     0.00%    passed      6.39%
  88  YMF2018_148_S94001.trim     0.00%    failed      0.00%
  89  YMF2018_149_S95001.trim     0.00%    passed     27.13%
  90  YMF2018_150_S107001.trim    0.00%    passed     45.00%
  91  YMF2018_151_S141001.trim    0.00%    failed      0.03%
  92  YMF2018_152_S153001.trim    0.00%    failed      0.00%
  93  YMF2018_153_S165001.trim    0.00%    failed      0.00%
  94  YMF2018_154_S177001.trim    0.00%    failed      0.00%
  95  YMF2018_155_S96001.trim     0.00%    failed      0.02%
  96  YMF2018_156_S108001.trim    0.00%    failed      0.00%
  97  YMF2018_157_S119001.trim    0.00%    failed      0.00%
  98  YMF2018_159_S130001.trim    0.00%    failed      0.00%
  99  YMF2018_161_S142001.trim    0.00%    failed      0.00%
 100  YMF2018_162_S154001.trim    0.00%    passed     49.87%
 101  YMF2018_163_S166001.trim    0.00%    failed      0.00%
 102  YMF2018_164_S178001.trim    0.00%    failed      0.00%
 103  YMF2018_165_S97001.trim     0.00%    passed     52.04%
 104  YMF2018_166_S109001.trim    0.00%    passed     33.69%
 105  YMF2018_167_S120001.trim    0.00%    passed     50.38%
 106  YMF2018_168_S131001.trim    0.00%    failed      0.00%
 107  YMF2018_169_S143001.trim    0.00%    passed     86.98%
 108  YMF2018_170_S155001.trim    0.00%    failed      0.00%
 109  YMF2018_171_S167001.trim    0.00%    failed      2.52%
 110  YMF2018_172_S179001.trim    0.00%    failed      0.01%
 111  YMF2018_173_S98001.trim     0.00%    failed      0.00%
 112  YMF2018_174_S110001.trim    0.00%    failed      0.00%
 113  YMF2018_175_S132001.trim    0.00%    failed      0.00%
 114  YMF2018_176_S121001.trim    0.00%    failed      0.00%
 115  YMF2018_177_S144001.trim    0.00%    failed      0.00%
 116  YMF2018_178_S156001.trim    0.00%    failed      0.00%
 117  YMF2018_179_S168001.trim    0.00%    passed     18.64%
 118  YMF2018_180_S180001.trim    0.00%    failed      0.15%
 119  YMF2018_181_S99001.trim     0.00%    failed      0.00%
 120  YMF2018_182_S111001.trim    0.00%    passed     88.37%
 121  YMF2018_183_S122001.trim    0.00%    failed      0.00%
 122  YMF2018_184_S133001.trim    0.00%    failed      0.00%
 123  YMF2018_185_S145001.trim    0.00%    failed      0.00%
 124  YMF2018_186_S157001.trim    0.00%    failed      0.00%
 125  YMF2018_187_S169001.trim    0.00%    failed      0.00%
 126  YMF2018_189_S181001.trim    0.00%    failed      0.00%
 127  YMF2018_193_S100001.trim    0.00%    failed      0.00%
 128  YMF2018_194_S112001.trim    0.00%    failed      0.00%
 129  YMF2018_196_S123001.trim    0.00%    failed      0.01%
 130  YMF2018_197_S134001.trim    0.00%    passed     93.75%
 131  YMF2018_199_S146001.trim    0.00%    failed      0.70%
 132  YMF2018_201_S170001.trim    0.00%    failed      0.00%
 133  YMF2018_203_S182001.trim    0.00%    failed      0.03%
 134  YMF2018_205_S101001.trim    0.00%    failed      0.00%
 135  YMF2018_206_S113001.trim    0.00%    passed     61.37%
 136  YMF2018_207_S124001.trim    0.00%    passed     58.73%
 137  YMF2018_208_S135001.trim    0.00%    failed      0.00%
 138  YMF2018_209_S147001.trim    0.00%    failed      0.00%
 139  YMF2018_210_S159001.trim    0.00%    failed      0.00%
 140  YMF2018_211_S171001.trim    0.00%    failed      0.00%
 141  YMF2018_214_S183001.trim    0.00%    passed     94.75%
 142  YMF2018_215_S102001.trim    0.00%    passed     34.73%
 143  YMF2018_216_S114001.trim    0.00%    failed      1.00%
 144  YMF2018_217_S125001.trim    0.00%    failed      2.52%
 145  YMF2018_218_S136001.trim    0.00%    failed      0.00%
 146  YMF2018_219_S148001.trim    0.00%    passed     90.42%
 147  YMF2018_220_S160001.trim    0.00%    failed      0.00%
 148  YMF2018_221_S172001.trim    0.00%    failed      4.06%
 149  YMF2018_222_S184001.trim    0.00%    passed     87.34%
 150  YMF2018_224_S103001.trim    0.00%    failed      0.00%
 151  YMF2018_225_S115001.trim    0.00%    failed      0.05%
 152  YMF2018_226_S126001.trim    0.00%    failed      0.00%
 153  YMF2018_227_S137001.trim    0.00%    failed      0.00%
 154  YMF2018_228_S149001.trim    0.00%    failed      0.00%
 155  YMF2018_229_S161001.trim    0.00%    failed      0.00%
 156  YMF2018_230_S173001.trim    0.00%    passed     17.24%
 157  YMF2018_231_S185001.trim    0.00%    failed      0.00%
 158  YMF2018_232_S104001.trim    0.00%    failed      0.07%
 159  YMF2018_236_S116001.trim    0.00%    passed     97.28%
 160  YMF2018_237_S127001.trim    0.00%    failed      0.11%
 161  YMF2018_238_S138001.trim    0.00%    failed      0.00%
 162  YMF2018_239_S150001.trim    0.00%    failed      0.00%
 163  YMF2018_240_S162001.trim    0.00%    failed      2.10%
 164  YMF2018_242_S174001.trim    0.00%    passed     13.28%
 165  YMF2018_243_S186001.trim    0.00%    failed      0.00%
 166  YMF2018_244_S105001.trim    0.00%    passed     93.24%
 167  YMF2018_246_S117001.trim    0.00%    failed      0.00%
 168  YMF2018_248_S128001.trim    0.00%    failed      0.00%
 169  YMF2018_250_S151001.trim    0.00%    passed     62.66%
 170  YMF2018_251_S163001.trim    0.00%    failed      0.00%
 171  YMF2018_252_S175001.trim    0.00%    failed      0.00%
 172  YMF2018_253_S187001.trim    0.00%    passed     10.71%
 173  YMF2018_254_S106001.trim    0.00%    failed      0.00%
 174  YMF2018_257_S129001.trim    0.00%    failed      0.00%
 175  YMF2018_258_S140001.trim    0.00%    failed      0.00%
 176  YMF2018_259_S152001.trim    0.00%    passed     38.04%
 177  YMF2018_261_S176001.trim    0.00%    failed      0.00%
 178  YMF2018_262_S188001.trim    0.00%    failed      0.00%
 179  YMF2018_263_S189001.trim    0.00%    passed     43.06%
 180  YMF2018_266_S199001.trim    0.00%    failed      0.00%
 181  YMF2018_270_S256001.trim    0.00%    failed      0.00%
 182  YMF2018_271_S190001.trim    0.00%    passed     68.13%
 183  YMF2018_272_S200001.trim    0.00%    passed     94.81%
 184  YMF2018_273_S210001.trim    0.00%    passed     72.93%
 185  YMF2018_274_S220001.trim    0.00%    failed      0.00%
 186  YMF2018_275_S229001.trim    0.00%    failed      0.00%
 187  YMF2018_276_S238001.trim    0.00%    passed     77.06%
 188  YMF2018_277_S248001.trim    0.00%    passed     57.16%
 189  YMF2018_278_S257001.trim    0.00%    failed      0.00%
 190  YMF2018_279_S191001.trim    0.00%    passed     36.64%
 191  YMF2018_280_S201001.trim    0.00%    failed      0.00%
 192  YMF2018_281_S211001.trim    0.00%    failed      0.01%
 193  YMF2018_282_S221001.trim    0.00%    passed      9.89%
 194  YMF2018_284_S230001.trim    0.00%    failed      0.00%
 195  YMF2018_287_S249001.trim    0.00%    failed      0.00%
 196  YMF2018_289_S258001.trim    0.00%    passed     18.30%
 197  YMF2018_292_S192001.trim    0.00%    failed      0.00%
 198  YMF2018_296_S212001.trim    0.00%    failed      0.00%
 199  YMF2018_300_S231001.trim    0.00%    failed      0.00%
 200  YMF2018_304_S250001.trim    0.00%    failed      0.00%
 201  YMF2018_305_S259001.trim    0.00%    failed      0.00%
 202  YMF2018_307_S193001.trim    0.00%    failed      0.12%
 203  YMF2018_308_S203001.trim    0.00%    passed     31.03%
 204  YMF2018_309_S213001.trim    0.00%    passed      5.86%
 205  YMF2018_310_S223001.trim    0.00%    passed     15.58%
 206  YMF2018_311_S232001.trim    0.00%    failed      0.00%
 207  YMF2018_312_S241001.trim    0.00%    passed     21.88%
 208  YMF2018_313_S251001.trim    0.00%    failed      0.00%
 209  YMF2018_314_S260001.trim    0.00%    failed      0.01%
 210  YMF2018_315_S194001.trim    0.00%    failed      0.00%
 211  YMF2018_316_S204001.trim    0.00%    failed      0.44%
 212  YMF2018_317_S214001.trim    0.00%    passed     92.93%
 213  YMF2018_318_S224001.trim    0.00%    failed      0.00%
 214  YMF2018_319_S233001.trim    0.00%    failed      0.92%
 215  YMF2018_321_S242001.trim    0.00%    failed      0.00%
 216  YMF2018_324_S252001.trim    0.00%    failed      1.64%
 217  YMF2018_338_S234001.trim    0.00%    passed     37.92%
 218  YMF2018_339_S243001.trim    0.00%    failed      0.00%
 219  YMF2018_345_S196001.trim    0.00%    failed      0.00%
 220  YMF2018_347_S206001.trim    0.00%    failed      0.00%
 221  YMF2018_350_S216001.trim    0.00%    passed     15.18%
 222  YMF2018_354_S235001.trim    0.00%    failed      0.78%
 223  YMF2018_356_S244001.trim    0.00%    failed      0.12%
 224  YMF2018_357_S254001.trim    0.00%    failed      0.00%
 225  YMF2018_362_S197001.trim    0.00%    failed      0.00%
 226  YMF2018_363_S207001.trim    0.00%    failed      0.00%
 227  YMF2018_365_S217001.trim    0.00%    failed      1.73%
 228  YMF2018_368_S227001.trim    0.00%    failed      0.00%
 229  YMF2018_370_S236001.trim    0.00%    passed      6.24%
 230  YMF2018_371_S245001.trim    0.00%    failed      0.00%
 231  YMF2018_373_S264001.trim    0.00%    passed     67.54%
****  TOTAL                       0.00%  158 sequences failed composition chi2 test (p-value<5%; df=10)


Create initial parsimony tree by phylogenetic likelihood library (PLL)... 0.290 seconds
NOTE: ModelFinder requires 364 MB RAM!
ModelFinder will test 462 protein models (sample size: 999) ...
 No. Model         -LnL         df  AIC          AICc         BIC
Measuring multi-threading efficiency up to 36 CPU cores
Increase to 10 rounds for branch lengths
54 trees examined
Threads: 1 / Time: 36.235 sec / Speedup: 1.000 / Efficiency: 100% / LogL: -411535
Threads: 2 / Time: 19.568 sec / Speedup: 1.852 / Efficiency: 93% / LogL: -411535
Threads: 3 / Time: 14.136 sec / Speedup: 2.563 / Efficiency: 85% / LogL: -411535
Threads: 4 / Time: 11.430 sec / Speedup: 3.170 / Efficiency: 79% / LogL: -411535
Threads: 5 / Time: 10.271 sec / Speedup: 3.528 / Efficiency: 71% / LogL: -411535
Threads: 6 / Time: 9.239 sec / Speedup: 3.922 / Efficiency: 65% / LogL: -411535
Threads: 7 / Time: 8.467 sec / Speedup: 4.280 / Efficiency: 61% / LogL: -411535
Threads: 8 / Time: 8.113 sec / Speedup: 4.466 / Efficiency: 56% / LogL: -411535
Threads: 9 / Time: 14.784 sec / Speedup: 2.451 / Efficiency: 27% / LogL: -411535
BEST NUMBER OF THREADS: 7

  1  Dayhoff       388962.294   459 778842.588   779626.039   781094.788
  2  Dayhoff+G4    372523.037   460 745966.075   746754.402   748223.182
  3  Dayhoff+R2    376347.421   461 753616.843   754410.072   755878.857
  4  Dayhoff+R3    373457.287   463 747840.574   748643.685   750112.402
  5  Dayhoff+R4    372321.511   465 745573.021   746386.117   747854.662
  6  Dayhoff+R5    371854.740   467 744643.480   745466.667   746934.935
  7  Dayhoff+R6    371564.751   469 744067.501   744900.885   746368.769
  8  Dayhoff+R7    371414.057   471 743770.113   744613.802   746081.195
  9  Dayhoff+R8    371327.901   473 743601.801   744455.904   745922.696
 10  Dayhoff+R9    371190.811   475 743331.622   744196.250   745662.331
 11  Dayhoff+R10   371169.067   477 743292.133   744167.396   745632.655
 12  Dayhoff+F     306494.151   478 613944.302   614824.925   616289.730
 13  Dayhoff+F+G4  275043.878   479 551045.757   551931.768   553396.092
 14  Dayhoff+F+R2  280987.816   480 562935.632   563827.061   565290.875
 15  Dayhoff+F+R3  276624.971   482 554213.941   555116.290   556578.997
 16  Dayhoff+F+R4  275677.163   484 552322.326   553235.711   554697.195
 17  Dayhoff+F+R5  273656.680   486 548285.360   549209.899   550670.042
 18  Dayhoff+F+R6  273656.681   488 548289.362   549225.174   550683.859
 23  mtMAM         404501.568   459 809921.135   810704.586   812173.336
 24  mtMAM+G4      386364.541   460 773649.083   774437.410   775906.190
 25  mtMAM+R2      390165.213   461 781252.425   782045.654   783514.439
 26  mtMAM+R3      387525.183   463 775976.367   776779.477   778248.194
 27  mtMAM+R4      386161.270   465 773252.540   774065.636   775534.181
 28  mtMAM+R5      385421.498   467 771776.996   772600.182   774068.450
 29  mtMAM+R6      385421.486   469 771780.973   772614.356   774082.241
 34  mtMAM+F       303180.914   478 607317.829   608198.452   609663.257
 35  mtMAM+F+G4    286611.005   479 574180.010   575066.022   576530.346
 36  mtMAM+F+R2    289398.492   480 579756.985   580648.413   582112.227
 37  mtMAM+F+R3    287388.166   482 575740.332   576642.680   578105.387
 38  mtMAM+F+R4    286045.316   484 573058.631   573972.016   575433.500
 39  mtMAM+F+R5    285390.905   486 571753.809   572678.348   574138.492
 40  mtMAM+F+R6    285390.605   488 571757.209   572693.021   574151.706
 45  JTT           365081.122   459 731080.243   731863.694   733332.444
 46  JTT+G4        356504.827   460 713929.654   714717.981   716186.762
 47  JTT+R2        358267.819   461 717457.639   718250.868   719719.653
 48  JTT+R3        356873.277   463 714672.553   715475.663   716944.380
 49  JTT+R4        356397.464   465 713724.928   714538.023   716006.568
 50  JTT+R5        356189.009   467 713312.018   714135.204   715603.472
 51  JTT+R6        356189.006   469 713316.011   714149.395   715617.279
 56  JTT+F         286810.514   478 574577.029   575457.652   576922.457
 57  JTT+F+G4      272568.542   479 546095.085   546981.097   548445.421
 58  JTT+F+R2      275922.586   480 552805.172   553696.600   555160.414
 59  JTT+F+R3      273327.348   482 547618.696   548521.045   549983.752
 60  JTT+F+R4      272529.519   484 546027.038   546940.423   548401.907
 61  JTT+F+R5      272146.955   486 545265.910   546190.449   547650.593
 62  JTT+F+R6      272146.939   488 545269.878   546205.690   547664.374
 67  WAG           366884.545   459 734687.090   735470.541   736939.291
 68  WAG+G4        359973.213   460 720866.427   721654.754   723123.534
 69  WAG+R2        361501.125   461 723924.249   724717.478   726186.263
 70  WAG+R3        360306.483   463 721538.965   722342.076   723810.793
 71  WAG+R4        359880.217   465 720690.434   721503.530   722972.075
 72  WAG+R5        359719.152   467 720372.305   721195.491   722663.759
 73  WAG+R6        359719.152   469 720376.303   721209.687   722677.571
 78  WAG+F         281971.811   478 564899.621   565780.244   567245.050
 79  WAG+F+G4      269295.342   479 539548.684   540434.696   541899.020
 80  WAG+F+R2      272735.279   480 546430.558   547321.987   548785.801
 81  WAG+F+R3      269994.121   482 540952.243   541854.591   543317.298
 82  WAG+F+R4      269266.113   484 539500.226   540413.611   541875.096
 83  WAG+F+R5      268914.685   486 538801.370   539725.909   541186.053
 84  WAG+F+R6      268790.375   488 538556.749   539492.561   540951.246
 85  WAG+F+R7      268568.305   490 538116.609   539063.814   540520.919
 86  WAG+F+R8      268534.153   492 538052.307   539011.026   540466.430
 87  WAG+F+R9      268414.370   494 537816.740   538787.097   540240.677
 88  WAG+F+R10     268405.555   496 537803.110   538785.230   540236.860
 89  cpREV         359331.816   459 719581.632   720365.083   721833.833
 90  cpREV+G4      351293.504   460 703507.008   704295.335   705764.115
 91  cpREV+R2      353517.704   461 707957.409   708750.638   710219.423
 92  cpREV+R3      351806.544   463 704539.087   705342.198   706810.915
 93  cpREV+R4      351209.991   465 703349.982   704163.077   705631.623
 94  cpREV+R5      351044.812   467 703023.623   703846.810   705315.078
 95  cpREV+R6      350910.694   469 702759.388   703592.772   705060.656
 96  cpREV+R7      350876.549   471 702695.098   703538.786   705006.179
 97  cpREV+R8      350850.628   473 702647.256   703501.359   704968.151
 98  cpREV+R9      350835.700   475 702621.400   703486.028   704952.109
 99  cpREV+R10     350834.017   477 702622.033   703497.296   704962.555
100  cpREV+F       281877.988   478 564711.975   565592.598   567057.404
101  cpREV+F+G4    269376.744   479 539711.489   540597.500   542061.824
102  cpREV+F+R2    273736.318   480 548432.635   549324.064   550787.878
103  cpREV+F+R3    270413.908   482 541791.816   542694.165   544156.872
104  cpREV+F+R4    269006.786   484 538981.572   539894.957   541356.441
105  cpREV+F+R5    268186.177   486 537344.353   538268.892   539729.036
106  cpREV+F+R6    267934.804   488 536845.609   537781.421   539240.105
107  cpREV+F+R7    267912.232   490 536804.464   537751.669   539208.774
108  cpREV+F+R8    267569.125   492 536122.250   537080.969   538536.373
109  cpREV+F+R9    267533.766   494 536055.532   537025.890   538479.469
110  cpREV+F+R10   267533.333   496 536058.666   537040.786   538492.417
111  mtREV         382362.132   459 765642.263   766425.714   767894.463
112  mtREV+G4      368851.902   460 738623.803   739412.131   740880.911
113  mtREV+R2      372092.290   461 745106.581   745899.810   747368.595
114  mtREV+R3      369686.234   463 740298.468   741101.578   742570.295
115  mtREV+R4      368727.459   465 738384.918   739198.014   740666.559
116  mtREV+R5      368071.865   467 737077.730   737900.916   739369.184
117  mtREV+R6      367890.234   469 736718.468   737551.852   739019.736
118  mtREV+R7      367810.307   471 736562.613   737406.302   738873.695
119  mtREV+R8      367694.383   473 736334.765   737188.868   738655.660
120  mtREV+R9      367662.505   475 736275.009   737139.636   738605.718
121  mtREV+R10     367662.495   477 736278.990   737154.253   738619.512
122  mtREV+F       292873.954   478 586703.908   587584.531   589049.337
123  mtREV+F+G4    276701.048   479 554360.097   555246.108   556710.432
124  mtREV+F+R2    280748.984   480 562457.968   563349.396   564813.210
125  mtREV+F+R3    277263.471   482 555490.942   556393.291   557855.998
126  mtREV+F+R4    276167.091   484 553302.182   554215.568   555677.052
127  mtREV+F+R5    275043.035   486 551058.070   551982.609   553442.753
128  mtREV+F+R6    274619.094   488 550214.188   551150.000   552608.684
129  mtREV+F+R7    274432.795   490 549845.591   550792.796   552249.901
130  mtREV+F+R8    274258.620   492 549501.240   550459.959   551915.363
131  mtREV+F+R9    274143.765   494 549275.531   550245.888   551699.468
132  mtREV+F+R10   274100.960   496 549193.921   550176.040   551627.671
133  rtREV         365983.069   459 732884.137   733667.588   735136.338
134  rtREV+G4      356638.245   460 714196.489   714984.816   716453.596
135  rtREV+R2      358855.610   461 718633.221   719426.450   720895.235
136  rtREV+R3      357069.991   463 715065.981   715869.091   717337.808
137  rtREV+R4      356504.002   465 713938.004   714751.099   716219.644
138  rtREV+R5      356292.458   467 713518.916   714342.102   715810.370
139  rtREV+R6      356292.503   469 713523.006   714356.390   715824.274
144  rtREV+F       292513.988   478 585983.977   586864.600   588329.406
145  rtREV+F+G4    276674.898   479 554307.796   555193.807   556658.131
146  rtREV+F+R2    281522.440   480 564004.880   564896.308   566360.122
147  rtREV+F+R3    277657.000   482 556277.999   557180.348   558643.055
148  rtREV+F+R4    276619.749   484 554207.499   555120.884   556582.368
149  rtREV+F+R5    276140.746   486 553253.493   554178.032   555638.176
150  rtREV+F+R6    276140.724   488 553257.449   554193.260   555651.945
155  mtART         406687.416   459 814292.831   815076.282   816545.032
156  mtART+G4      386042.807   460 773005.613   773793.940   775262.720
157  mtART+R2      392280.283   461 785482.566   786275.795   787744.580
158  mtART+R3      387411.403   463 775748.807   776551.917   778020.634
159  mtART+R4      383949.065   465 768828.130   769641.226   771109.771
160  mtART+R5      382662.146   467 766258.291   767081.477   768549.745
161  mtART+R6      382331.177   469 765600.353   766433.737   767901.621
162  mtART+R7      382158.247   471 765258.493   766102.182   767569.575
163  mtART+R8      382140.319   473 765226.638   766080.740   767547.533
164  mtART+R9      382007.687   475 764965.373   765830.000   767296.082
165  mtART+R10     381964.910   477 764883.820   765759.083   767224.342
166  mtART+F       313907.637   478 628771.275   629651.898   631116.704
167  mtART+F+G4    291357.647   479 583673.293   584559.305   586023.629
168  mtART+F+R2    300359.818   480 601679.636   602571.065   604034.879
169  mtART+F+R3    291020.309   482 583004.617   583906.966   585369.673
170  mtART+F+R4    285566.601   484 572101.202   573014.587   574476.071
171  mtART+F+R5    285242.624   486 571457.248   572381.787   573841.930
172  mtART+F+R6    284893.109   488 570762.219   571698.031   573156.715
173  mtART+F+R7    284816.887   490 570613.773   571560.978   573018.083
174  mtART+F+R8    284805.111   492 570594.223   571552.942   573008.346
175  mtART+F+R9    284611.735   494 570211.470   571181.827   572635.407
176  mtART+F+R10   284605.240   496 570202.481   571184.600   572636.231
177  mtZOA         396721.243   459 794360.486   795143.937   796612.687
178  mtZOA+G4      381921.854   460 764763.707   765552.035   767020.815
179  mtZOA+R2      385772.702   461 772467.404   773260.633   774729.418
180  mtZOA+R3      384439.238   463 769804.477   770607.587   772076.304
181  mtZOA+R4      382097.713   465 765125.427   765938.522   767407.068
182  mtZOA+R5      381190.227   467 763314.453   764137.640   765605.908
183  mtZOA+R6      380890.563   469 762719.127   763552.511   765020.395
184  mtZOA+R7      380746.864   471 762435.728   763279.417   764746.810
185  mtZOA+R8      380651.904   473 762249.809   763103.912   764570.704
186  mtZOA+R9      380591.185   475 762132.369   762996.997   764463.078
187  mtZOA+R10     380567.451   477 762088.903   762964.166   764429.425
188  mtZOA+F       308772.744   478 618501.487   619382.111   620846.916
189  mtZOA+F+G4    290329.364   479 581616.728   582502.739   583967.063
190  mtZOA+F+R2    297314.556   480 595589.112   596480.541   597944.354
191  mtZOA+F+R3    290388.145   482 581740.291   582642.640   584105.347
192  mtZOA+F+R4    288257.024   484 577482.049   578395.434   579856.918
193  mtZOA+F+R5    287594.132   486 576160.264   577084.803   578544.947
194  mtZOA+F+R6    287243.366   488 575462.733   576398.545   577857.229
195  mtZOA+F+R7    287096.302   490 575172.604   576119.809   577576.914
196  mtZOA+F+R8    287017.522   492 575019.044   575977.763   577433.167
197  mtZOA+F+R9    286989.918   494 574967.836   575938.194   577391.773
198  mtZOA+F+R10   286965.268   496 574922.537   575904.656   577356.287
199  VT            358639.509   459 718197.017   718980.468   720449.218
200  VT+G4         351208.210   460 703336.420   704124.748   705593.528
201  VT+R2         352782.116   461 706486.232   707279.461   708748.246
202  VT+R3         352782.114   463 706490.228   707293.338   708762.055
210  VT+F          280893.159   478 562742.318   563622.941   565087.747
211  VT+F+G4       269298.548   479 539555.097   540441.109   541905.433
212  VT+F+R2       272472.953   480 545905.905   546797.334   548261.148
213  VT+F+R3       272472.952   482 545909.904   546812.253   548274.960
221  LG            364832.782   459 730583.565   731367.015   732835.765
222  LG+G4         356999.070   460 714918.139   715706.466   717175.246
223  LG+R2         358860.027   461 718642.054   719435.283   720904.068
224  LG+R3         358860.027   463 718646.054   719449.164   720917.881
232  LG+F          289518.104   478 579992.208   580872.831   582337.637
233  LG+F+G4       276542.182   479 554042.364   554928.376   556392.700
234  LG+F+R2       280566.702   480 562093.404   562984.833   564448.646
235  LG+F+R3       280566.702   482 562097.404   562999.753   564462.460
243  DCMut         388967.565   459 778853.130   779636.580   781105.330
244  DCMut+G4      372510.938   460 745941.875   746730.202   748198.982
245  DCMut+R2      376337.240   461 753596.480   754389.710   755858.494
246  DCMut+R3      376337.240   463 753600.479   754403.590   755872.307
254  DCMut+F       306509.702   478 613975.405   614856.028   616320.833
255  DCMut+F+G4    275046.698   479 551051.396   551937.408   553401.732
256  DCMut+F+R2    281007.866   480 562975.732   563867.161   565330.974
257  DCMut+F+R3    280643.713   482 562251.426   563153.774   564616.481
258  DCMut+F+R4    274307.598   484 549583.196   550496.582   551958.066
259  DCMut+F+R5    273676.431   486 548324.862   549249.401   550709.544
260  DCMut+F+R6    273155.985   488 547287.970   548223.781   549682.466
261  DCMut+F+R7    272702.159   490 546384.317   547331.522   548788.627
262  DCMut+F+R8    272486.957   492 545957.914   546916.633   548372.037
263  DCMut+F+R9    272470.598   494 545929.196   546899.553   548353.133
264  DCMut+F+R10   272470.501   496 545933.002   546915.121   548366.752
265  PMB           356166.293   459 713250.587   714034.037   715502.787
266  PMB+G4        349652.981   460 700225.961   701014.288   702483.068
267  PMB+R2        350980.866   461 702883.732   703676.961   705145.746
268  PMB+R3        350980.865   463 702887.730   703690.841   705159.558
276  PMB+F         275782.340   478 552520.679   553401.302   554866.108
277  PMB+F+G4      265768.722   479 532495.444   533381.456   534845.780
278  PMB+F+R2      268358.426   480 537676.853   538568.281   540032.095
279  PMB+F+R3      268358.425   482 537680.850   538583.199   540045.906
287  HIVb          392233.571   459 785385.142   786168.593   787637.342
288  HIVb+G4       377913.233   460 756746.465   757534.792   759003.572
289  HIVb+R2       380307.764   461 761537.528   762330.757   763799.542
290  HIVb+R3       378478.378   463 757882.757   758685.867   760154.584
291  HIVb+R4       377635.884   465 756201.767   757014.863   758483.408
292  HIVb+R5       377305.010   467 755544.019   756367.206   757835.474
293  HIVb+R6       377137.338   469 755212.675   756046.059   757513.943
294  HIVb+R7       377049.773   471 755041.547   755885.236   757352.628
295  HIVb+R8       376993.721   473 754933.442   755787.544   757254.337
296  HIVb+R9       376921.292   475 754792.585   755657.212   757123.293
297  HIVb+R10      376921.165   477 754796.330   755671.593   757136.852
298  HIVb+F        304983.376   478 610922.751   611803.374   613268.180
299  HIVb+F+G4     282141.567   479 565241.134   566127.145   567591.469
300  HIVb+F+R2     287308.280   480 575576.559   576467.988   577931.802
301  HIVb+F+R3     283646.015   482 568256.030   569158.379   570621.086
302  HIVb+F+R4     282020.682   484 565009.363   565922.749   567384.233
303  HIVb+F+R5     281509.445   486 563990.891   564915.430   566375.574
304  HIVb+F+R6     281224.243   488 563424.485   564360.297   565818.982
305  HIVb+F+R7     280689.473   490 562358.945   563306.150   564763.255
306  HIVb+F+R8     280453.014   492 561890.029   562848.748   564304.152
307  HIVb+F+R9     280346.255   494 561680.510   562650.867   564104.447
308  HIVb+F+R10    280342.455   496 561676.909   562659.029   564110.660
309  HIVw          384429.261   459 769776.521   770559.972   772028.722
310  HIVw+G4       361174.662   460 723269.323   724057.650   725526.431
311  HIVw+R2       368237.283   461 737396.565   738189.794   739658.579
312  HIVw+R3       362347.129   463 725620.258   726423.368   727892.085
313  HIVw+R4       360817.016   465 722564.031   723377.127   724845.672
314  HIVw+R5       360105.634   467 721145.268   721968.455   723436.723
315  HIVw+R6       359515.804   469 719969.609   720802.993   722270.877
316  HIVw+R7       359221.607   471 719385.213   720228.902   721696.295
317  HIVw+R8       358987.568   473 718921.135   719775.238   721242.030
318  HIVw+R9       358872.939   475 718695.878   719560.506   721026.587
319  HIVw+R10      358821.499   477 718596.998   719472.261   720937.520
320  HIVw+F        299258.909   478 599473.817   600354.440   601819.246
321  HIVw+F+G4     281012.701   479 562983.403   563869.414   565333.738
322  HIVw+F+R2     285748.909   480 572457.819   573349.247   574813.061
323  HIVw+F+R3     282089.947   482 565143.894   566046.243   567508.950
324  HIVw+F+R4     280753.614   484 562475.228   563388.613   564850.097
325  HIVw+F+R5     280366.472   486 561704.944   562629.483   564089.627
326  HIVw+F+R6     279968.661   488 560913.322   561849.134   563307.818
327  HIVw+F+R7     279866.582   490 560713.164   561660.369   563117.474
328  HIVw+F+R8     279682.266   492 560348.532   561307.251   562762.655
329  HIVw+F+R9     279625.052   494 560238.105   561208.462   562662.042
330  HIVw+F+R10    279622.116   496 560236.232   561218.352   562669.983
331  JTTDCMut      365362.822   459 731643.643   732427.094   733895.843
332  JTTDCMut+G4   356755.254   460 714430.508   715218.835   716687.615
333  JTTDCMut+R2   358484.698   461 717891.395   718684.624   720153.409
334  JTTDCMut+R3   357124.685   463 715175.370   715978.480   717447.197
335  JTTDCMut+R4   356640.928   465 714211.856   715024.951   716493.497
336  JTTDCMut+R5   356436.118   467 713806.237   714629.423   716097.691
337  JTTDCMut+R6   356350.432   469 713638.864   714472.248   715940.132
338  JTTDCMut+R7   356324.707   471 713591.415   714435.104   715902.496
339  JTTDCMut+R8   356293.641   473 713533.282   714387.385   715854.177
340  JTTDCMut+R9   356293.008   475 713536.017   714400.644   715866.725
342  JTTDCMut+F    286856.805   478 574669.609   575550.232   577015.038
343  JTTDCMut+F+G4 272457.203   479 545872.406   546758.417   548222.741
344  JTTDCMut+F+R2 275738.497   480 552436.994   553328.423   554792.236
345  JTTDCMut+F+R3 273193.254   482 547350.508   548252.857   549715.564
346  JTTDCMut+F+R4 272414.138   484 545796.277   546709.662   548171.146
347  JTTDCMut+F+R5 272035.798   486 545043.596   545968.135   547428.279
348  JTTDCMut+F+R6 271791.330   488 544558.659   545494.471   546953.155
349  JTTDCMut+F+R7 271515.572   490 544011.145   544958.350   546415.455
350  JTTDCMut+F+R8 271437.752   492 543859.504   544818.224   546273.628
351  JTTDCMut+F+R9 271389.758   494 543767.515   544737.872   546191.452
352  JTTDCMut+F+R10 271376.307   496 543744.615   544726.734   546178.365
353  FLU           388125.551   459 777169.101   777952.552   779421.302
354  FLU+G4        360297.536   460 721515.072   722303.399   723772.179
355  FLU+R2        367655.141   461 736232.283   737025.512   738494.297
356  FLU+R3        360603.049   463 722132.097   722935.207   724403.925
357  FLU+R4        359080.451   465 719090.902   719903.997   721372.543
358  FLU+R5        358332.303   467 717598.605   718421.792   719890.060
359  FLU+R6        357704.007   469 716346.014   717179.398   718647.282
360  FLU+R7        357391.642   471 715725.285   716568.973   718036.366
361  FLU+R8        357156.022   473 715258.045   716112.147   717578.940
362  FLU+R9        357044.092   475 715038.185   715902.812   717368.893
363  FLU+R10       357010.494   477 714974.987   715850.250   717315.509
364  FLU+F         312681.566   478 626319.133   627199.756   628664.561
365  FLU+F+G4      277112.411   479 555182.821   556068.833   557533.157
366  FLU+F+R2      285906.103   480 572772.206   573663.635   575127.449
367  FLU+F+R3      279681.502   482 560327.005   561229.354   562692.060
368  FLU+F+R4      277061.899   484 555091.799   556005.184   557466.668
369  FLU+F+R5      275635.901   486 552243.802   553168.341   554628.484
370  FLU+F+R6      274926.158   488 550828.315   551764.127   553222.812
371  FLU+F+R7      274733.420   490 550446.840   551394.044   552851.149
372  FLU+F+R8      274471.764   492 549927.529   550886.248   552341.652
373  FLU+F+R9      274421.543   494 549831.086   550801.443   552255.023
374  FLU+F+R10     274352.160   496 549696.320   550678.439   552130.070
375  Blosum62      359427.572   459 719773.143   720556.594   722025.344
376  Blosum62+G4   352086.539   460 705093.078   705881.405   707350.185
377  Blosum62+R2   353468.129   461 707858.257   708651.486   710120.271
378  Blosum62+R3   352319.069   463 705564.138   706367.248   707835.966
379  Blosum62+R4   351942.402   465 704814.804   705627.899   707096.445
380  Blosum62+R5   351800.878   467 704535.756   705358.942   706827.210
381  Blosum62+R6   351800.912   469 704539.824   705373.208   706841.092
386  Blosum62+F    283018.070   478 566992.139   567872.762   569337.568
387  Blosum62+F+G4 271535.501   479 544029.001   544915.013   546379.337
388  Blosum62+F+R2 274511.262   480 549982.524   550873.952   552337.766
389  Blosum62+F+R3 272110.804   482 545185.607   546087.956   547550.663
390  Blosum62+F+R4 271511.344   484 543990.689   544904.074   546365.558
391  Blosum62+F+R5 271148.115   486 543268.231   544192.770   545652.914
392  Blosum62+F+R6 271148.112   488 543272.224   544208.035   545666.720
397  mtMet         386537.290   459 773992.580   774776.031   776244.780
398  mtMet+G4      372717.003   460 746354.006   747142.333   748611.113
399  mtMet+R2      376117.481   461 753156.963   753950.192   755418.977
400  mtMet+R3      373561.035   463 748048.070   748851.180   750319.897
401  mtMet+R4      372649.642   465 746229.284   747042.379   748510.925
402  mtMet+R5      372254.290   467 745442.581   746265.767   747734.035
403  mtMet+R6      372254.287   469 745446.573   746279.957   747747.841
408  mtMet+F       309329.692   478 619615.385   620496.008   621960.813
409  mtMet+F+G4    291579.301   479 584116.603   585002.614   586466.938
410  mtMet+F+R2    296421.202   480 593802.405   594693.833   596157.647
411  mtMet+F+R3    293469.036   482 587902.071   588804.420   590267.127
412  mtMet+F+R4    291028.370   484 583024.740   583938.125   585399.609
413  mtMet+F+R5    290346.842   486 581665.684   582590.223   584050.367
414  mtMet+F+R6    290095.286   488 581166.572   582102.384   583561.068
415  mtMet+F+R7    289897.995   490 580775.990   581723.195   583180.300
416  mtMet+F+R8    289800.992   492 580585.985   581544.704   583000.108
417  mtMet+F+R9    289735.112   494 580458.225   581428.582   582882.161
418  mtMet+F+R10   289711.766   496 580415.532   581397.652   582849.283
419  mtVer         387761.285   459 776440.570   777224.020   778692.770
420  mtVer+G4      373300.820   460 747521.640   748309.967   749778.747
421  mtVer+R2      376796.442   461 754514.884   755308.113   756776.898
422  mtVer+R3      374152.112   463 749230.224   750033.334   751502.052
423  mtVer+R4      373244.824   465 747419.649   748232.745   749701.290
424  mtVer+R5      372836.489   467 746606.978   747430.164   748898.432
425  mtVer+R6      372678.933   469 746295.867   747129.251   748597.135
426  mtVer+R7      372532.288   471 746006.576   746850.265   748317.658
427  mtVer+R8      372269.390   473 745484.780   746338.883   747805.675
428  mtVer+R9      372220.797   475 745391.595   746256.222   747722.303
429  mtVer+R10     372195.842   477 745345.685   746220.948   747686.207
430  mtVer+F       305811.229   478 612578.459   613459.082   614923.887
431  mtVer+F+G4    290306.812   479 581571.624   582457.636   583921.960
432  mtVer+F+R2    294320.787   480 589601.574   590493.002   591956.816
433  mtVer+F+R3    291325.886   482 583615.773   584518.122   585980.829
434  mtVer+F+R4    290225.744   484 581419.487   582332.872   583794.356
435  mtVer+F+R5    289645.235   486 580262.470   581187.009   582647.153
436  mtVer+F+R6    289413.090   488 579802.179   580737.991   582196.675
437  mtVer+F+R7    289272.656   490 579525.312   580472.517   581929.622
438  mtVer+F+R8    289097.677   492 579179.354   580138.073   581593.477
439  mtVer+F+R9    289040.244   494 579068.488   580038.845   581492.425
440  mtVer+F+R10   289003.565   496 578999.130   579981.250   581432.881
441  mtInv         384696.870   459 770311.739   771095.190   772563.939
442  mtInv+G4      371604.340   460 744128.680   744917.007   746385.787
443  mtInv+R2      374901.613   461 750725.226   751518.455   752987.239
444  mtInv+R3      372415.098   463 745756.195   746559.305   748028.023
445  mtInv+R4      371518.564   465 743967.128   744780.223   746248.768
446  mtInv+R5      371139.135   467 743212.270   744035.456   745503.724
447  mtInv+R6      370900.158   469 742738.316   743571.699   745039.584
448  mtInv+R7      370785.302   471 742512.604   743356.292   744823.685
449  mtInv+R8      370727.382   473 742400.764   743254.867   744721.659
450  mtInv+R9      370693.646   475 742337.292   743201.919   744668.000
451  mtInv+R10     370675.965   477 742305.929   743181.192   744646.451
452  mtInv+F       307042.541   478 615041.082   615921.705   617386.511
453  mtInv+F+G4    290375.157   479 581708.313   582594.325   584058.649
454  mtInv+F+R2    295505.625   480 591971.250   592862.679   594326.492
455  mtInv+F+R3    292117.312   482 585198.624   586100.973   587563.680
456  mtInv+F+R4    289877.525   484 580723.050   581636.435   583097.919
457  mtInv+F+R5    289436.796   486 579845.591   580770.130   582230.274
458  mtInv+F+R6    288877.750   488 578731.501   579667.312   581125.997
459  mtInv+F+R7    288701.597   490 578383.194   579330.399   580787.504
460  mtInv+F+R8    288624.551   492 578233.103   579191.822   580647.226
461  mtInv+F+R9    288533.128   494 578054.256   579024.614   580478.193
462  mtInv+F+R10   288484.729   496 577961.459   578943.578   580395.209
Akaike Information Criterion:           PMB+F+G4
Corrected Akaike Information Criterion: PMB+F+G4
Bayesian Information Criterion:         PMB+F+G4
Best-fit model: PMB+F+G4 chosen according to BIC

All model information printed to ../../2.subsampling/YMFmain/YMFmain.subset.0.50_0.50_1000.min1.phy.model.gz
CPU time for ModelFinder: 51421.341 seconds (14h:17m:1s)
Wall-clock time for ModelFinder: 7467.395 seconds (2h:4m:27s)
NOTE: State(s) D, Q, E, H, I, L, F, P, V not present in alignment and thus removed from Markov process to prevent numerical problems
NOTE: 9 states (see above) are not present and thus removed from Markov process to prevent numerical problems

NOTE: 145 MB RAM (0 GB) is required!
Measuring multi-threading efficiency up to 36 CPU cores
Increase to 10 rounds for branch lengths
10 trees examined
Threads: 1 / Time: 38.942 sec / Speedup: 1.000 / Efficiency: 100% / LogL: -272725
Threads: 2 / Time: 20.625 sec / Speedup: 1.888 / Efficiency: 94% / LogL: -272725
Threads: 3 / Time: 14.420 sec / Speedup: 2.701 / Efficiency: 90% / LogL: -272725
Threads: 4 / Time: 11.347 sec / Speedup: 3.432 / Efficiency: 86% / LogL: -272725
Threads: 5 / Time: 9.443 sec / Speedup: 4.124 / Efficiency: 82% / LogL: -272725
Threads: 6 / Time: 8.364 sec / Speedup: 4.656 / Efficiency: 78% / LogL: -272725
Threads: 7 / Time: 7.636 sec / Speedup: 5.100 / Efficiency: 73% / LogL: -272725
Threads: 8 / Time: 6.344 sec / Speedup: 6.139 / Efficiency: 77% / LogL: -272725
Threads: 9 / Time: 11.807 sec / Speedup: 3.298 / Efficiency: 37% / LogL: -272725
BEST NUMBER OF THREADS: 8

Estimate model parameters (epsilon = 0.100)
1. Initial log-likelihood: -266066.133
2. Current log-likelihood: -265785.926
3. Current log-likelihood: -265769.498
4. Current log-likelihood: -265768.780
Optimal log-likelihood: -265768.722
Gamma shape alpha: 1.653
Parameters optimization took 4 rounds (1.148 sec)
Computing ML distances based on estimated model parameters... 12.760 sec
Computing BIONJ tree...
0.027 seconds
Log-likelihood of BIONJ tree: -265452.126
--------------------------------------------------------------------
|             INITIALIZING CANDIDATE TREE SET                      |
--------------------------------------------------------------------
Generating 98 parsimony trees... 25.685 second
Computing log-likelihood of 98 initial trees ... 14.171 seconds
Current best score: -265395.767

Do NNI search on 20 best initial trees
Estimate model parameters (epsilon = 0.100)
BETTER TREE FOUND at iteration 1: -264766.569
Estimate model parameters (epsilon = 0.100)
BETTER TREE FOUND at iteration 2: -264541.394
Iteration 10 / LogL: -265043.242 / Time: 0h:3m:12s
Iteration 20 / LogL: -265144.711 / Time: 0h:3m:32s
Finish initializing candidate tree set (20)
Current best tree score: -264541.394 / CPU time: 78.714
Number of iterations: 20
--------------------------------------------------------------------
|               OPTIMIZING CANDIDATE TREE SET                      |
--------------------------------------------------------------------
Iteration 30 / LogL: -264651.817 / Time: 0h:3m:49s (0h:9m:28s left)
Estimate model parameters (epsilon = 0.100)
BETTER TREE FOUND at iteration 31: -264462.182
Iteration 40 / LogL: -264470.849 / Time: 0h:4m:7s (0h:9m:37s left)
Estimate model parameters (epsilon = 0.100)
BETTER TREE FOUND at iteration 42: -264422.633
Estimate model parameters (epsilon = 0.100)
BETTER TREE FOUND at iteration 46: -264420.046
Estimate model parameters (epsilon = 0.100)
BETTER TREE FOUND at iteration 49: -264389.070
Iteration 50 / LogL: -264470.219 / Time: 0h:4m:25s (0h:8m:56s left)
Estimate model parameters (epsilon = 0.100)
BETTER TREE FOUND at iteration 59: -264339.814
Iteration 60 / LogL: -264407.396 / Time: 0h:4m:42s (0h:7m:54s left)
Iteration 70 / LogL: -264492.151 / Time: 0h:4m:59s (0h:6m:26s left)
Estimate model parameters (epsilon = 0.100)
BETTER TREE FOUND at iteration 72: -264307.909
Iteration 80 / LogL: -264345.372 / Time: 0h:5m:15s (0h:6m:7s left)
Estimate model parameters (epsilon = 0.100)
BETTER TREE FOUND at iteration 90: -264289.348
Iteration 90 / LogL: -264289.348 / Time: 0h:5m:32s (0h:6m:13s left)
Estimate model parameters (epsilon = 0.100)
BETTER TREE FOUND at iteration 95: -264267.206
Iteration 100 / LogL: -264283.539 / Time: 0h:5m:48s (0h:5m:34s left)
Estimate model parameters (epsilon = 0.100)
BETTER TREE FOUND at iteration 104: -264264.105
Estimate model parameters (epsilon = 0.100)
BETTER TREE FOUND at iteration 105: -264256.325
Iteration 110 / LogL: -264311.024 / Time: 0h:6m:5s (0h:5m:18s left)
Estimate model parameters (epsilon = 0.100)
BETTER TREE FOUND at iteration 111: -264236.119
Iteration 120 / LogL: -264377.652 / Time: 0h:6m:21s (0h:4m:51s left)
Estimate model parameters (epsilon = 0.100)
BETTER TREE FOUND at iteration 127: -264226.736
Estimate model parameters (epsilon = 0.100)
BETTER TREE FOUND at iteration 129: -264190.127
Iteration 130 / LogL: -264356.341 / Time: 0h:6m:38s (0h:5m:5s left)
Estimate model parameters (epsilon = 0.100)
BETTER TREE FOUND at iteration 136: -264160.562
Iteration 140 / LogL: -264260.718 / Time: 0h:6m:55s (0h:4m:46s left)
Iteration 150 / LogL: -264226.187 / Time: 0h:7m:11s (0h:4m:9s left)
Iteration 160 / LogL: -264231.241 / Time: 0h:7m:29s (0h:3m:34s left)
Estimate model parameters (epsilon = 0.100)
BETTER TREE FOUND at iteration 170: -264155.543
Iteration 170 / LogL: -264155.543 / Time: 0h:7m:46s (0h:4m:36s left)
Estimate model parameters (epsilon = 0.100)
BETTER TREE FOUND at iteration 180: -264122.536
Iteration 180 / LogL: -264122.536 / Time: 0h:8m:3s (0h:4m:30s left)
Iteration 190 / LogL: -264138.433 / Time: 0h:8m:19s (0h:3m:57s left)
Estimate model parameters (epsilon = 0.100)
BETTER TREE FOUND at iteration 193: -264108.591
Iteration 200 / LogL: -264188.008 / Time: 0h:8m:36s (0h:4m:1s left)
Iteration 210 / LogL: -264198.012 / Time: 0h:8m:51s (0h:3m:31s left)
Estimate model parameters (epsilon = 0.100)
BETTER TREE FOUND at iteration 213: -264088.581
Iteration 220 / LogL: -264100.875 / Time: 0h:9m:7s (0h:3m:52s left)
Iteration 230 / LogL: -264190.437 / Time: 0h:9m:24s (0h:3m:24s left)
Iteration 240 / LogL: -264116.192 / Time: 0h:9m:39s (0h:2m:57s left)
Iteration 250 / LogL: -264111.327 / Time: 0h:9m:55s (0h:2m:30s left)
Estimate model parameters (epsilon = 0.100)
BETTER TREE FOUND at iteration 259: -264068.122
Iteration 260 / LogL: -264108.367 / Time: 0h:10m:10s (0h:3m:53s left)
Estimate model parameters (epsilon = 0.100)
BETTER TREE FOUND at iteration 262: -264052.314
Estimate model parameters (epsilon = 0.100)
BETTER TREE FOUND at iteration 266: -264018.618
Iteration 270 / LogL: -264099.496 / Time: 0h:10m:27s (0h:3m:43s left)
Iteration 280 / LogL: -264040.121 / Time: 0h:10m:43s (0h:3m:18s left)
Iteration 290 / LogL: -264065.216 / Time: 0h:10m:58s (0h:2m:53s left)
Iteration 300 / LogL: -264100.748 / Time: 0h:11m:14s (0h:2m:28s left)
Estimate model parameters (epsilon = 0.100)
BETTER TREE FOUND at iteration 305: -264014.047
Iteration 310 / LogL: -264064.090 / Time: 0h:11m:30s (0h:3m:32s left)
Estimate model parameters (epsilon = 0.100)
BETTER TREE FOUND at iteration 316: -264008.869
Iteration 320 / LogL: -264091.635 / Time: 0h:11m:46s (0h:3m:32s left)
Iteration 330 / LogL: -264101.617 / Time: 0h:12m:2s (0h:3m:8s left)
Iteration 340 / LogL: -264028.721 / Time: 0h:12m:16s (0h:2m:45s left)
Estimate model parameters (epsilon = 0.100)
BETTER TREE FOUND at iteration 342: -263977.679
Estimate model parameters (epsilon = 0.100)
BETTER TREE FOUND at iteration 343: -263970.299
Iteration 350 / LogL: -264151.151 / Time: 0h:12m:32s (0h:3m:20s left)
Iteration 360 / LogL: -263979.595 / Time: 0h:12m:48s (0h:2m:57s left)
Iteration 370 / LogL: -264022.132 / Time: 0h:13m:4s (0h:2m:35s left)
Estimate model parameters (epsilon = 0.100)
BETTER TREE FOUND at iteration 373: -263966.902
Estimate model parameters (epsilon = 0.100)
BETTER TREE FOUND at iteration 377: -263954.263
Estimate model parameters (epsilon = 0.100)
BETTER TREE FOUND at iteration 379: -263952.383
Iteration 380 / LogL: -264054.354 / Time: 0h:13m:20s (0h:3m:29s left)
Estimate model parameters (epsilon = 0.100)
BETTER TREE FOUND at iteration 385: -263948.555
Iteration 390 / LogL: -264006.680 / Time: 0h:13m:36s (0h:3m:19s left)
Estimate model parameters (epsilon = 0.100)
BETTER TREE FOUND at iteration 397: -263922.263
Iteration 400 / LogL: -264020.800 / Time: 0h:13m:52s (0h:3m:22s left)
Estimate model parameters (epsilon = 0.100)
BETTER TREE FOUND at iteration 410: -263917.030
Iteration 410 / LogL: -263917.030 / Time: 0h:14m:8s (0h:3m:27s left)
Iteration 420 / LogL: -263998.547 / Time: 0h:14m:23s (0h:3m:5s left)
Iteration 430 / LogL: -264066.105 / Time: 0h:14m:39s (0h:2m:43s left)
Estimate model parameters (epsilon = 0.100)
BETTER TREE FOUND at iteration 434: -263912.696
Iteration 440 / LogL: -263997.809 / Time: 0h:14m:55s (0h:3m:11s left)
Iteration 450 / LogL: -264018.585 / Time: 0h:15m:9s (0h:2m:50s left)
Iteration 460 / LogL: -263915.619 / Time: 0h:15m:24s (0h:2m:29s left)
Iteration 470 / LogL: -263970.264 / Time: 0h:15m:39s (0h:2m:8s left)
Iteration 480 / LogL: -263978.509 / Time: 0h:15m:55s (0h:1m:47s left)
Iteration 490 / LogL: -263941.078 / Time: 0h:16m:11s (0h:1m:27s left)
Iteration 500 / LogL: -264023.073 / Time: 0h:16m:27s (0h:1m:7s left)
Iteration 510 / LogL: -264014.608 / Time: 0h:16m:43s (0h:0m:47s left)
Iteration 520 / LogL: -263965.422 / Time: 0h:16m:59s (0h:0m:27s left)
Iteration 530 / LogL: -264098.662 / Time: 0h:17m:14s (0h:0m:7s left)
TREE SEARCH COMPLETED AFTER 535 ITERATIONS / Time: 0h:17m:21s

--------------------------------------------------------------------
|                    FINALIZING TREE SEARCH                        |
--------------------------------------------------------------------
Performs final model parameters optimization
Estimate model parameters (epsilon = 0.010)
1. Initial log-likelihood: -263912.696
Optimal log-likelihood: -263912.696
Gamma shape alpha: 1.612
Parameters optimization took 1 rounds (0.194 sec)
BEST SCORE FOUND : -263912.696
Total tree length: 103.956

Total number of iterations: 535
CPU time used for tree search: 7064.060 sec (1h:57m:44s)
Wall-clock time used for tree search: 907.919 sec (0h:15m:7s)
Total CPU time used: 7546.084 sec (2h:5m:46s)
Total wall-clock time used: 1041.750 sec (0h:17m:21s)

Analysis results written to: 
  IQ-TREE report:                ../../2.subsampling/YMFmain/YMFmain.subset.0.50_0.50_1000.min1.phy.iqtree
  Maximum-likelihood tree:       ../../2.subsampling/YMFmain/YMFmain.subset.0.50_0.50_1000.min1.phy.treefile
  Likelihood distances:          ../../2.subsampling/YMFmain/YMFmain.subset.0.50_0.50_1000.min1.phy.mldist
  Screen log file:               ../../2.subsampling/YMFmain/YMFmain.subset.0.50_0.50_1000.min1.phy.log

Date and Time: Sun Nov 15 15:11:45 2020
